
10 Jun 2016 13:53:49 [{'code': 215, 'message': 'Bad Authentication data.'}]
10 Jun 2016 13:56:28 [{'message': 'Bad Authentication data.', 'code': 215}]
10 Jun 2016 13:56:58 Tweeted: testing tweet
10 Jun 2016 14:03:56 Tweeted: testing tweet
11 Jun 2016 14:22:01 Tweeted: Viper Viper Strikes Hayden Panettiere
11 Jun 2016 14:22:14 Tweeted: Puck Illusory Orbs Amber Rose
11 Jun 2016 14:22:37 Tweeted: Visage Grave Chills Jessica Alba
11 Jun 2016 14:22:40 Tweeted: Bristleback Viscous Nasal Goos Stephanie Pratt
11 Jun 2016 14:23:15 Tweeted: Bane Enfeebles Will Smith
11 Jun 2016 14:23:18 Tweeted: Shadow Demon Soul Catchers Jason Statham
11 Jun 2016 14:23:21 Tweeted: Pudge Meat Hooks Zoe Kravitz
11 Jun 2016 14:23:25 Tweeted: Tusk Walrus Kicks Amber Rose
11 Jun 2016 14:23:27 Tweeted: Spirit Breaker Charge Of Darknesss Liv Tyler
11 Jun 2016 14:23:30 Tweeted: Skywrath Mage Ancient Seals Will Arnett
11 Jun 2016 14:23:34 Tweeted: Skywrath Mage Mystic Flares Salma Hayek
11 Jun 2016 14:23:37 Tweeted: Lina Dragon Slaves Zoe Kravitz
11 Jun 2016 14:23:40 Tweeted: Enigma Malefices Jamielynn Sigler
11 Jun 2016 14:23:43 Tweeted: Lich Frost Armors Stephen Baldwin
11 Jun 2016 14:23:47 Tweeted: Phantom Lancer Doppelwalks Leonardo Dicaprio
11 Jun 2016 14:23:50 Tweeted: Huskar Life Breaks Kate Hudson
11 Jun 2016 14:25:12 Tweeted: Tusk Ice Shardss Tori Spelling
12 Jun 2016 13:13:14 Tweeted: Skeleton King Hellfire Blasts Avril Lavigne
12 Jun 2016 21:25:52 Tweeted: Riki Blink Strikes Zayn Malik